2026-04-02 19:51:07,685 - INFO - загадано секретное число: 2971
2026-04-02 19:51:07,701 - INFO - игра 'Быки и коровы' запущена
2026-04-02 19:51:24,235 - INFO - Ход #1: 1234 → Быки: 0, Коровы: 2
2026-04-02 19:52:38,844 - INFO - Ход #2: 3124 → Быки: 0, Коровы: 2
2026-04-02 19:52:46,245 - INFO - Ход #3: 1324 → Быки: 0, Коровы: 2
2026-04-02 19:52:50,104 - INFO - Ход #4: 4321 → Быки: 1, Коровы: 1
2026-04-02 19:52:53,210 - INFO - Ход #5: 4123 → Быки: 0, Коровы: 2
2026-04-02 19:52:57,054 - INFO - Ход #6: 4312 → Быки: 0, Коровы: 2
2026-04-02 19:53:01,656 - WARNING - Попытка ввода с повторяющимися цифрами: 0001
2026-04-02 19:53:08,311 - INFO - Ход #7: 5631 → Быки: 1, Коровы: 0
2026-04-02 19:53:16,015 - INFO - Ход #8: 6781 → Быки: 1, Коровы: 1
2026-04-02 19:53:21,129 - INFO - Ход #9: 7681 → Быки: 1, Коровы: 1
2026-04-02 19:53:29,084 - INFO - Ход #10: 5761 → Быки: 1, Коровы: 1
2026-04-02 19:53:52,706 - INFO - открыто окно статистики
2026-04-02 19:53:54,930 - INFO - окно статистики закрыто
2026-04-02 20:00:50,672 - INFO - игра 'БЫКИ И КОРОВЫ' закрыта пользователем
2026-04-07 10:11:43,874 - INFO - загадано секретное число: 1243
2026-04-07 10:11:43,894 - INFO - игра 'Быки и коровы' запущена
2026-04-07 10:11:58,644 - INFO - загадано секретное число: 2816
2026-04-07 10:12:00,476 - WARNING - попытка ввода не из 4 цифр: 1
2026-04-07 10:12:02,582 - WARNING - попытка ввода не из 4 цифр: 2
2026-04-07 10:12:07,628 - INFO - Ход #1: 1234 → Быки: 0, Коровы: 2
2026-04-07 10:12:11,167 - INFO - Ход #2: 4321 → Быки: 0, Коровы: 2
2026-04-07 10:12:14,314 - INFO - Ход #3: 1432 → Быки: 0, Коровы: 2
2026-04-07 10:12:18,579 - INFO - Ход #4: 1342 → Быки: 0, Коровы: 2
2026-04-07 10:12:22,390 - INFO - Ход #5: 2134 → Быки: 1, Коровы: 1
2026-04-07 10:12:45,708 - INFO - открыто окно статистики
2026-04-07 10:12:47,011 - INFO - окно статистики закрыто
2026-04-07 10:12:53,281 - INFO - Ход #6: 2314 → Быки: 2, Коровы: 0
2026-04-07 10:13:02,871 - INFO - Ход #7: 2356 → Быки: 2, Коровы: 0
2026-04-07 10:13:06,482 - INFO - Ход #8: 2378 → Быки: 1, Коровы: 1
2026-04-07 10:13:16,020 - INFO - Ход #9: 2714 → Быки: 2, Коровы: 0
2026-04-07 10:13:51,240 - INFO - Ход #10: 2715 → Быки: 2, Коровы: 0
2026-04-07 10:13:59,273 - INFO - Ход #11: 2915 → Быки: 2, Коровы: 0
2026-04-07 10:14:02,843 - INFO - Ход #12: 2615 → Быки: 2, Коровы: 1
2026-04-07 10:14:07,925 - INFO - Ход #13: 2016 → Быки: 3, Коровы: 0
2026-04-07 10:14:15,379 - INFO - Ход #14: 2316 → Быки: 3, Коровы: 0
2026-04-07 10:14:19,625 - INFO - Ход #15: 2416 → Быки: 3, Коровы: 0
2026-04-07 10:14:21,608 - INFO - Ход #16: 2516 → Быки: 3, Коровы: 0
2026-04-07 10:14:25,189 - INFO - Ход #17: 2716 → Быки: 3, Коровы: 0
2026-04-07 10:14:27,513 - INFO - Ход #18: 2816 → Быки: 4, Коровы: 0
2026-04-07 10:14:27,515 - INFO - статистика сохранена
2026-04-07 10:14:48,939 - INFO - открыто окно статистики
2026-04-07 10:15:00,492 - INFO - окно статистики закрыто
2026-04-07 10:15:03,108 - INFO - игра 'БЫКИ И КОРОВЫ' закрыта пользователем
